<?xml version="1.0" encoding="UTF-8" ?>
<testsuite tests="4" failures="0" name="com.mycompany.poe.LoginTest" time="0.01" errors="0" skipped="0">
  <properties>
[...]
</properties>
  <testcase classname="com.mycompany.poe.LoginTest" name="com.mycompany.poe.LoginTest.testCheckUserNameCorrectlyFormatted" time="0.001"/>
  <testcase classname="com.mycompany.poe.LoginTest" name="com.mycompany.poe.LoginTest.testCheckPasswordComplexitySuccess" time="0.008"/>
  <testcase classname="com.mycompany.poe.LoginTest" name="com.mycompany.poe.LoginTest.testCheckUserNamePoorlyFormatted" time="0.001"/>
  <testcase classname="com.mycompany.poe.LoginTest" name="com.mycompany.poe.LoginTest.testCheckPasswordComplexityFailure" time="0"/>
</testsuite>